{"/home/aditya/Desktop/javascript/DemoJest/functions.js": {"path":"/home/aditya/Desktop/javascript/DemoJest/functions.js","statementMap":{"0":{"start":{"line":1,"column":14},"end":{"line":1,"column":30}},"1":{"start":{"line":3,"column":12},"end":{"line":3,"column":27}},"2":{"start":{"line":3,"column":22},"end":{"line":3,"column":27}},"3":{"start":{"line":4,"column":12},"end":{"line":4,"column":25}},"4":{"start":{"line":4,"column":22},"end":{"line":4,"column":25}},"5":{"start":{"line":5,"column":12},"end":{"line":5,"column":25}},"6":{"start":{"line":5,"column":22},"end":{"line":5,"column":25}},"7":{"start":{"line":6,"column":15},"end":{"line":6,"column":29}},"8":{"start":{"line":6,"column":25},"end":{"line":6,"column":29}},"9":{"start":{"line":7,"column":19},"end":{"line":7,"column":24}},"10":{"start":{"line":7,"column":23},"end":{"line":7,"column":24}},"11":{"start":{"line":8,"column":19},"end":{"line":8,"column":133}},"12":{"start":{"line":8,"column":25},"end":{"line":8,"column":133}},"13":{"start":{"line":9,"column":18},"end":{"line":13,"column":1}},"14":{"start":{"line":10,"column":16},"end":{"line":10,"column":37}},"15":{"start":{"line":11,"column":4},"end":{"line":11,"column":29}},"16":{"start":{"line":12,"column":4},"end":{"line":12,"column":15}},"17":{"start":{"line":14,"column":18},"end":{"line":16,"column":26}},"18":{"start":{"line":14,"column":24},"end":{"line":16,"column":26}},"19":{"start":{"line":15,"column":15},"end":{"line":15,"column":23}},"20":{"start":{"line":16,"column":18},"end":{"line":16,"column":25}},"21":{"start":{"line":17,"column":20},"end":{"line":17,"column":134}},"22":{"start":{"line":17,"column":26},"end":{"line":17,"column":134}},"23":{"start":{"line":20,"column":0},"end":{"line":20,"column":100}}},"fnMap":{"0":{"name":"(anonymous_0)","decl":{"start":{"line":3,"column":12},"end":{"line":3,"column":13}},"loc":{"start":{"line":3,"column":22},"end":{"line":3,"column":27}},"line":3},"1":{"name":"(anonymous_1)","decl":{"start":{"line":4,"column":12},"end":{"line":4,"column":13}},"loc":{"start":{"line":4,"column":22},"end":{"line":4,"column":25}},"line":4},"2":{"name":"(anonymous_2)","decl":{"start":{"line":5,"column":12},"end":{"line":5,"column":13}},"loc":{"start":{"line":5,"column":22},"end":{"line":5,"column":25}},"line":5},"3":{"name":"(anonymous_3)","decl":{"start":{"line":6,"column":15},"end":{"line":6,"column":16}},"loc":{"start":{"line":6,"column":25},"end":{"line":6,"column":29}},"line":6},"4":{"name":"(anonymous_4)","decl":{"start":{"line":7,"column":19},"end":{"line":7,"column":20}},"loc":{"start":{"line":7,"column":23},"end":{"line":7,"column":24}},"line":7},"5":{"name":"(anonymous_5)","decl":{"start":{"line":8,"column":19},"end":{"line":8,"column":20}},"loc":{"start":{"line":8,"column":25},"end":{"line":8,"column":133}},"line":8},"6":{"name":"(anonymous_6)","decl":{"start":{"line":9,"column":18},"end":{"line":9,"column":19}},"loc":{"start":{"line":9,"column":24},"end":{"line":13,"column":1}},"line":9},"7":{"name":"(anonymous_7)","decl":{"start":{"line":14,"column":18},"end":{"line":14,"column":19}},"loc":{"start":{"line":14,"column":24},"end":{"line":16,"column":26}},"line":14},"8":{"name":"(anonymous_8)","decl":{"start":{"line":15,"column":10},"end":{"line":15,"column":11}},"loc":{"start":{"line":15,"column":15},"end":{"line":15,"column":23}},"line":15},"9":{"name":"(anonymous_9)","decl":{"start":{"line":16,"column":11},"end":{"line":16,"column":12}},"loc":{"start":{"line":16,"column":18},"end":{"line":16,"column":25}},"line":16},"10":{"name":"(anonymous_10)","decl":{"start":{"line":17,"column":20},"end":{"line":17,"column":21}},"loc":{"start":{"line":17,"column":26},"end":{"line":17,"column":134}},"line":17}},"branchMap":{},"s":{"0":1,"1":1,"2":1,"3":1,"4":1,"5":1,"6":1,"7":1,"8":1,"9":1,"10":3,"11":1,"12":0,"13":1,"14":1,"15":1,"16":1,"17":1,"18":1,"19":1,"20":0,"21":1,"22":0,"23":1},"f":{"0":1,"1":1,"2":1,"3":1,"4":3,"5":0,"6":1,"7":1,"8":1,"9":0,"10":0},"b":{},"_coverageSchema":"1a1c01bbd47fc00a2c39e90264f33305004495a9","hash":"796b7d45417893ce58fd0b79b34a3886f87b5fa7"}
}
